/*C2*/SET SCHEMA PUBLIC
DISCONNECT
/*C4*/SET SCHEMA FACTURACION
DELETE FROM AUTOR WHERE OID='4028828683f19d090183f19e6fd70000'
COMMIT
DELETE FROM AUTOR WHERE OID='ff80808183c20c0c0183c211dc850000'
COMMIT
INSERT INTO AUTOR VALUES('4028b881840cb7a501840cba1d0d0000','David Aaron')
COMMIT
DELETE FROM CLIENTE WHERE NUMERO=1
INSERT INTO CLIENTE VALUES(1,'David',77200,'Felipe Carrillo','Valencia','Avenida Florencia')
COMMIT
DELETE FROM CLIENTE WHERE NUMERO=5
INSERT INTO CLIENTE VALUES(5,'Juancho',55200,'Xalapa','Uxmex','Juan Bautista Vega')
COMMIT
DELETE FROM CLIENTE WHERE NUMERO=50
INSERT INTO CLIENTE VALUES(50,'Manolo',22344,'Carrillo Puerto','Chumpon','Benito')
COMMIT
DELETE FROM CLIENTE WHERE NUMERO=88
INSERT INTO CLIENTE VALUES(88,'Juanito',44500,'Felipe Carrillo','Espa\u00f1a','Cecilio Chi')
COMMIT
DELETE FROM PRODUCTO WHERE NUMERO=17
INSERT INTO PRODUCTO VALUES(17,'Mesa','402809818396aad3018396ac675c0002',NULL,'',4.00,'4028b881840cb7a501840cba1d0d0000','9791034369997')
COMMIT
DELETE FROM PRODUCTO WHERE NUMERO=12
INSERT INTO PRODUCTO VALUES(12,'Introduccion a JPA','402809818396aad3018396ab48050000',NULL,'',50.00,'4028b881840cb7a501840cba1d0d0000','9780932633439')
COMMIT
DELETE FROM AUTOR WHERE OID='4028098183b505ba0183b5071fe80002'
INSERT INTO AUTOR VALUES('4028098183b505ba0183b5071fe80002','James Bond')
COMMIT
DELETE FROM AUTOR WHERE OID='4028098183b505ba0183b5068ada0000'
INSERT INTO AUTOR VALUES('4028098183b505ba0183b5068ada0000','Paulo Coelho')
COMMIT
DELETE FROM PRODUCTO WHERE NUMERO=15
INSERT INTO PRODUCTO VALUES(15,'Aprende Openxava','402809818396aad3018396ab48050000','96C1E2FAC0A889010000000013EF59E5','',25.00,'4028098183b505ba0183b5071fe80002','9791034369997')
COMMIT
DELETE FROM PRODUCTO WHERE NUMERO=17
INSERT INTO PRODUCTO VALUES(17,'Mesa','402809818396aad3018396ac675c0002',NULL,'',4.00,'4028098183b505ba0183b5068ada0000','9791034369997')
COMMIT
DELETE FROM PRODUCTO WHERE NUMERO=17
INSERT INTO PRODUCTO VALUES(17,'Mesa','402809818396aad3018396ac675c0002',NULL,'Muy buena calidad',4.00,'4028098183b505ba0183b5068ada0000','9791034369997')
COMMIT
DELETE FROM TUPRIMERAENTIDAD WHERE ID='4028828283b464fa0183b4668fd90000'
COMMIT
DELETE FROM TUPRIMERAENTIDAD WHERE ID='4028828283b4a3f20183b4a4ed540000'
COMMIT
DELETE FROM DOCUMENTOCOMERCIAL WHERE OID='4028828283b9aa4f0183b9af6c3c0001'
INSERT INTO DOCUMENTOCOMERCIAL VALUES('Pedido','4028828283b9aa4f0183b9af6c3c0001',2022,'2022-10-08',1,'',1,'4028828683ee4a310183ee4ac46d0000',90.75,15.75,21,3,NULL,TRUE)
COMMIT
DELETE FROM DOCUMENTOCOMERCIAL_DETALLES WHERE DOCUMENTOCOMERCIAL_OID='4028828283b9aa4f0183b9af6c3c0001' AND CANTIDAD=3 AND PRODUCTO_NUMERO=17 AND PRECIOPORUNIDAD=100000.00
INSERT INTO DOCUMENTOCOMERCIAL_DETALLES VALUES('4028828283b9aa4f0183b9af6c3c0001',3,15,25.00)
COMMIT
DELETE FROM DOCUMENTOCOMERCIAL WHERE OID='4028828283b9aa4f0183b9b188610003'
INSERT INTO DOCUMENTOCOMERCIAL VALUES('Pedido','4028828283b9aa4f0183b9b188610003',2022,'2022-10-08',2,'',1,'4028828283b9aa4f0183b9b177e30002',43.56,7.56,21,3,NULL,TRUE)
DELETE FROM DOCUMENTOCOMERCIAL_DETALLES WHERE DOCUMENTOCOMERCIAL_OID='4028828283b9aa4f0183b9b188610003' AND CANTIDAD=9 AND PRODUCTO_NUMERO=17 AND PRECIOPORUNIDAD=100000.00
INSERT INTO DOCUMENTOCOMERCIAL_DETALLES VALUES('4028828283b9aa4f0183b9b188610003',9,17,4.00)
INSERT INTO DOCUMENTOCOMERCIAL_DETALLES VALUES('4028828283b9aa4f0183b9b188610003',0,15,25.00)
COMMIT
INSERT INTO DOCUMENTOCOMERCIAL VALUES('Pedido','4028b881840cb7a501840cd058e60001',2022,'2022-10-24',3,'',5,NULL,0.00,0.00,21,1,NULL,TRUE)
INSERT INTO DOCUMENTOCOMERCIAL_DETALLES VALUES('4028b881840cb7a501840cd058e60001',0,15,25.00)
COMMIT
DELETE FROM DOCUMENTOCOMERCIAL_DETALLES WHERE DOCUMENTOCOMERCIAL_OID='4028b881840cb7a501840cd058e60001' AND CANTIDAD=0 AND PRODUCTO_NUMERO=15 AND PRECIOPORUNIDAD=25.00
INSERT INTO DOCUMENTOCOMERCIAL_DETALLES VALUES('4028b881840cb7a501840cd058e60001',3,15,25.00)
COMMIT
DELETE FROM DOCUMENTOCOMERCIAL WHERE OID='4028b881840cb7a501840cd058e60001'
INSERT INTO DOCUMENTOCOMERCIAL VALUES('Pedido','4028b881840cb7a501840cd058e60001',2022,'2022-10-24',3,'',5,NULL,90.75,15.75,21,1,NULL,TRUE)
COMMIT
DELETE FROM DOCUMENTOCOMERCIAL_DETALLES WHERE DOCUMENTOCOMERCIAL_OID='4028b881840cb7a501840cd058e60001' AND CANTIDAD=3 AND PRODUCTO_NUMERO=15 AND PRECIOPORUNIDAD=25.00
INSERT INTO DOCUMENTOCOMERCIAL_DETALLES VALUES('4028b881840cb7a501840cd058e60001',3,15,25.00)
COMMIT
DELETE FROM DOCUMENTOCOMERCIAL WHERE OID='4028828283b9aa4f0183b9af6be50000'
INSERT INTO DOCUMENTOCOMERCIAL VALUES('Factura','4028828283b9aa4f0183b9af6be50000',2022,'2022-10-08',1,'',50,NULL,9.68,1.68,21,1,NULL,FALSE)
COMMIT
DELETE FROM DOCUMENTOCOMERCIAL WHERE OID='4028828283b9aa4f0183b9af6be50000'
INSERT INTO DOCUMENTOCOMERCIAL VALUES('Factura','4028828283b9aa4f0183b9af6be50000',2022,'2022-10-08',1,'',50,NULL,14.52,2.52,21,1,NULL,FALSE)
COMMIT
DELETE FROM DOCUMENTOCOMERCIAL WHERE OID='4028828283b9aa4f0183b9af6be50000'
INSERT INTO DOCUMENTOCOMERCIAL VALUES('Factura','4028828283b9aa4f0183b9af6be50000',2022,'2022-10-08',1,'',50,NULL,317.02,55.02,21,1,NULL,FALSE)
COMMIT
DELETE FROM DOCUMENTOCOMERCIAL WHERE OID='4028828283b9aa4f0183b9af6be50000'
INSERT INTO DOCUMENTOCOMERCIAL VALUES('Factura','4028828283b9aa4f0183b9af6be50000',2022,'2022-10-08',1,'',5,NULL,317.02,55.02,21,1,NULL,FALSE)
DELETE FROM DOCUMENTOCOMERCIAL_DETALLES WHERE DOCUMENTOCOMERCIAL_OID='4028828283b9aa4f0183b9af6be50000' AND CANTIDAD=2 AND PRODUCTO_NUMERO=17 AND PRECIOPORUNIDAD=100000.00
INSERT INTO DOCUMENTOCOMERCIAL_DETALLES VALUES('4028828283b9aa4f0183b9af6be50000',2,17,4.00)
INSERT INTO DOCUMENTOCOMERCIAL_DETALLES VALUES('4028828283b9aa4f0183b9af6be50000',1,17,4.00)
INSERT INTO DOCUMENTOCOMERCIAL_DETALLES VALUES('4028828283b9aa4f0183b9af6be50000',5,12,50.00)
COMMIT
DELETE FROM DOCUMENTOCOMERCIAL WHERE OID='4028828283b9aa4f0183b9b177e30002'
INSERT INTO DOCUMENTOCOMERCIAL VALUES('Factura','4028828283b9aa4f0183b9b177e30002',2022,'2022-10-08',2,'',1,NULL,302.50,52.50,21,1,NULL,FALSE)
COMMIT
DELETE FROM DOCUMENTOCOMERCIAL WHERE OID='4028828283b9aa4f0183b9b177e30002'
INSERT INTO DOCUMENTOCOMERCIAL VALUES('Factura','4028828283b9aa4f0183b9b177e30002',2022,'2022-10-08',2,'',1,NULL,181.50,31.50,21,1,NULL,FALSE)
COMMIT
DELETE FROM DOCUMENTOCOMERCIAL WHERE OID='4028828283b9aa4f0183b9b177e30002'
INSERT INTO DOCUMENTOCOMERCIAL VALUES('Factura','4028828283b9aa4f0183b9b177e30002',2022,'2022-10-08',2,'',88,NULL,181.50,31.50,21,1,NULL,FALSE)
DELETE FROM DOCUMENTOCOMERCIAL_DETALLES WHERE DOCUMENTOCOMERCIAL_OID='4028828283b9aa4f0183b9b177e30002' AND CANTIDAD=5 AND PRODUCTO_NUMERO=12 AND PRECIOPORUNIDAD=20000.00
INSERT INTO DOCUMENTOCOMERCIAL_DETALLES VALUES('4028828283b9aa4f0183b9b177e30002',3,12,50.00)
COMMIT
DELETE FROM DOCUMENTOCOMERCIAL WHERE OID='4028828683ee4a310183ee4ac46d0000'
INSERT INTO DOCUMENTOCOMERCIAL VALUES('Factura','4028828683ee4a310183ee4ac46d0000',2022,'2022-10-18',6,'',88,NULL,121.00,21.00,21,1,NULL,FALSE)
COMMIT
DELETE FROM DOCUMENTOCOMERCIAL WHERE OID='4028828683ee4a310183ee4ac46d0000'
INSERT INTO DOCUMENTOCOMERCIAL VALUES('Factura','4028828683ee4a310183ee4ac46d0000',2022,'2022-10-18',6,'',88,NULL,302.50,52.50,21,1,NULL,FALSE)
COMMIT
DELETE FROM DOCUMENTOCOMERCIAL WHERE OID='4028828683ee4a310183ee4ac46d0000'
INSERT INTO DOCUMENTOCOMERCIAL VALUES('Factura','4028828683ee4a310183ee4ac46d0000',2022,'2022-10-18',6,'',1,NULL,302.50,52.50,21,1,NULL,FALSE)
DELETE FROM DOCUMENTOCOMERCIAL_DETALLES WHERE DOCUMENTOCOMERCIAL_OID='4028828683ee4a310183ee4ac46d0000' AND CANTIDAD=2 AND PRODUCTO_NUMERO=17 AND PRECIOPORUNIDAD=100000.00
INSERT INTO DOCUMENTOCOMERCIAL_DETALLES VALUES('4028828683ee4a310183ee4ac46d0000',5,12,50.00)
COMMIT
INSERT INTO DOCUMENTOCOMERCIAL VALUES('Factura','4028b881840cb7a501840cd457350002',2022,'2022-10-24',7,'De calidad',50,NULL,181.50,31.50,21,1,NULL,FALSE)
INSERT INTO DOCUMENTOCOMERCIAL_DETALLES VALUES('4028b881840cb7a501840cd457350002',6,15,25.00)
COMMIT
INSERT INTO DOCUMENTOCOMERCIAL VALUES('Factura','4028b881840cb7a501840cd73afe0003',2022,'2022-10-24',8,'',88,NULL,307.34,53.34,21,1,NULL,FALSE)
INSERT INTO DOCUMENTOCOMERCIAL_DETALLES VALUES('4028b881840cb7a501840cd73afe0003',1,17,4.00)
INSERT INTO DOCUMENTOCOMERCIAL_DETALLES VALUES('4028b881840cb7a501840cd73afe0003',5,12,50.00)
COMMIT
